<?xml version="1.0" encoding="UTF-8"?>
<testng-results ignored="0" total="1" passed="1" failed="0" skipped="0">
  <reporter-output>
  </reporter-output>
  <suite started-at="2025-05-05T07:48:38 IST" name="Default suite" finished-at="2025-05-05T07:48:40 IST" duration-ms="2033">
    <groups>
    </groups>
    <test started-at="2025-05-05T07:48:38 IST" name="Default test" finished-at="2025-05-05T07:48:40 IST" duration-ms="2033">
      <class name="tests.GetCourseDetails">
        <test-method signature="getCourseDetails()[pri:0, instance:tests.GetCourseDetails@62379589]" started-at="2025-05-05T07:48:38 IST" name="getCourseDetails" finished-at="2025-05-05T07:48:40 IST" duration-ms="2001" status="PASS">
          <reporter-output>
          </reporter-output>
        </test-method> <!-- getCourseDetails -->
      </class> <!-- tests.GetCourseDetails -->
    </test> <!-- Default test -->
  </suite> <!-- Default suite -->
</testng-results>
