<?xml version="1.0" encoding="UTF-8"?>
<testng-results ignored="0" total="1" passed="1" failed="0" skipped="0">
  <reporter-output>
  </reporter-output>
  <suite started-at="2025-06-06T07:49:59 IST" name="googleMapsAPI" finished-at="2025-06-06T07:50:00 IST" duration-ms="1521">
    <groups>
    </groups>
    <test started-at="2025-06-06T07:49:59 IST" name="AddTest" finished-at="2025-06-06T07:50:00 IST" duration-ms="1521">
      <class name="googleMapsAPITest.AddTest">
        <test-method is-config="true" signature="setUP()[pri:0, instance:googleMapsAPITest.AddTest@6771beb3]" started-at="2025-06-06T07:49:59 IST" name="setUP" finished-at="2025-06-06T07:49:59 IST" duration-ms="287" status="PASS">
          <reporter-output>
          </reporter-output>
        </test-method> <!-- setUP -->
        <test-method signature="addAPITest()[pri:0, instance:googleMapsAPITest.AddTest@6771beb3]" started-at="2025-06-06T07:49:59 IST" name="addAPITest" finished-at="2025-06-06T07:50:00 IST" duration-ms="1202" status="PASS">
          <reporter-output>
          </reporter-output>
        </test-method> <!-- addAPITest -->
      </class> <!-- googleMapsAPITest.AddTest -->
    </test> <!-- AddTest -->
  </suite> <!-- googleMapsAPI -->
</testng-results>
