<?xml version="1.0" encoding="UTF-8"?>
<testng-results ignored="0" total="1" passed="1" failed="0" skipped="0">
  <reporter-output>
  </reporter-output>
  <suite started-at="2025-04-29T00:04:06 IST" name="Default suite" finished-at="2025-04-29T00:04:08 IST" duration-ms="1539">
    <groups>
    </groups>
    <test started-at="2025-04-29T00:04:06 IST" name="Default test" finished-at="2025-04-29T00:04:08 IST" duration-ms="1539">
      <class name="googleMapsAPITest.AddTestExternal">
        <test-method is-config="true" signature="setUP()[pri:0, instance:googleMapsAPITest.AddTestExternal@557caf28]" started-at="2025-04-29T00:04:06 IST" name="setUP" finished-at="2025-04-29T00:04:06 IST" duration-ms="259" status="PASS">
          <reporter-output>
          </reporter-output>
        </test-method> <!-- setUP -->
        <test-method signature="addAPITest()[pri:0, instance:googleMapsAPITest.AddTestExternal@557caf28]" started-at="2025-04-29T00:04:06 IST" name="addAPITest" finished-at="2025-04-29T00:04:08 IST" duration-ms="1245" status="PASS">
          <reporter-output>
          </reporter-output>
        </test-method> <!-- addAPITest -->
      </class> <!-- googleMapsAPITest.AddTestExternal -->
    </test> <!-- Default test -->
  </suite> <!-- Default suite -->
</testng-results>
