<?xml version="1.0" encoding="UTF-8"?>
<testng-results ignored="0" total="1" passed="1" failed="0" skipped="0">
  <reporter-output>
  </reporter-output>
  <suite started-at="2025-05-24T23:24:36 IST" name="Default suite" finished-at="2025-05-24T23:24:39 IST" duration-ms="3043">
    <groups>
    </groups>
    <test started-at="2025-05-24T23:24:36 IST" name="Default test" finished-at="2025-05-24T23:24:39 IST" duration-ms="3043">
      <class name="tests.E2E_Test">
        <test-method signature="endToEnd_Test()[pri:0, instance:tests.E2E_Test@3754a4bf]" started-at="2025-05-24T23:24:36 IST" name="endToEnd_Test" finished-at="2025-05-24T23:24:39 IST" duration-ms="3007" status="PASS">
          <reporter-output>
          </reporter-output>
        </test-method> <!-- endToEnd_Test -->
      </class> <!-- tests.E2E_Test -->
    </test> <!-- Default test -->
  </suite> <!-- Default suite -->
</testng-results>
