<?xml version="1.0" encoding="UTF-8"?>
<testng-results ignored="0" total="1" passed="1" failed="0" skipped="0">
  <reporter-output>
  </reporter-output>
  <suite started-at="2025-05-01T15:00:22 IST" name="Default suite" finished-at="2025-05-01T15:00:25 IST" duration-ms="3028">
    <groups>
    </groups>
    <test started-at="2025-05-01T15:00:22 IST" name="Default test" finished-at="2025-05-01T15:00:25 IST" duration-ms="3028">
      <class name="tests.AddScreenshotToIssue">
        <test-method is-config="true" signature="setUP()[pri:0, instance:tests.AddScreenshotToIssue@75d4a5c2]" started-at="2025-05-01T15:00:22 IST" name="setUP" finished-at="2025-05-01T15:00:23 IST" duration-ms="262" status="PASS">
          <reporter-output>
          </reporter-output>
        </test-method> <!-- setUP -->
        <test-method signature="addScreenshotTest()[pri:0, instance:tests.AddScreenshotToIssue@75d4a5c2]" started-at="2025-05-01T15:00:23 IST" name="addScreenshotTest" finished-at="2025-05-01T15:00:25 IST" duration-ms="2739" status="PASS">
          <reporter-output>
          </reporter-output>
        </test-method> <!-- addScreenshotTest -->
      </class> <!-- tests.AddScreenshotToIssue -->
    </test> <!-- Default test -->
  </suite> <!-- Default suite -->
</testng-results>
